2025-07-03T01:13:15.637+07:00  INFO 9740 --- [ADN] [main] com.group2.ADN.AdnApplication            : Starting AdnApplication using Java 24.0.1 with PID 9740 (C:\Users\Phuong Nguyen\Desktop\SWP_Backend\target\classes started by Phuong Nguyen in C:\Users\Phuong Nguyen\Desktop\SWP_Backend)
2025-07-03T01:13:15.641+07:00 DEBUG 9740 --- [ADN] [main] com.group2.ADN.AdnApplication            : Running with Spring Boot v3.5.0, Spring v6.2.7
2025-07-03T01:13:15.641+07:00  INFO 9740 --- [ADN] [main] com.group2.ADN.AdnApplication            : No active profile set, falling back to 1 default profile: "default"
2025-07-03T01:13:16.224+07:00  INFO 9740 --- [ADN] [main] .s.d.r.c.RepositoryConfigurationDelegate : Bootstrapping Spring Data JPA repositories in DEFAULT mode.
2025-07-03T01:13:16.273+07:00  INFO 9740 --- [ADN] [main] .s.d.r.c.RepositoryConfigurationDelegate : Finished Spring Data repository scanning in 44 ms. Found 9 JPA repository interfaces.
2025-07-03T01:13:16.629+07:00  INFO 9740 --- [ADN] [main] o.s.b.w.embedded.tomcat.TomcatWebServer  : Tomcat initialized with port 8080 (http)
2025-07-03T01:13:16.638+07:00  INFO 9740 --- [ADN] [main] o.apache.catalina.core.StandardService   : Starting service [Tomcat]
2025-07-03T01:13:16.638+07:00  INFO 9740 --- [ADN] [main] o.apache.catalina.core.StandardEngine    : Starting Servlet engine: [Apache Tomcat/10.1.41]
2025-07-03T01:13:16.679+07:00  INFO 9740 --- [ADN] [main] o.a.c.c.C.[Tomcat].[localhost].[/]       : Initializing Spring embedded WebApplicationContext
2025-07-03T01:13:16.679+07:00  INFO 9740 --- [ADN] [main] w.s.c.ServletWebServerApplicationContext : Root WebApplicationContext: initialization completed in 991 ms
2025-07-03T01:13:16.708+07:00 DEBUG 9740 --- [ADN] [main] c.g.A.security.JwtAuthenticationFilter   : Filter 'jwtAuthenticationFilter' configured for use
2025-07-03T01:13:16.904+07:00  INFO 9740 --- [ADN] [main] com.zaxxer.hikari.HikariDataSource       : HikariPool-1 - Starting...
2025-07-03T01:13:17.170+07:00  INFO 9740 --- [ADN] [main] com.zaxxer.hikari.pool.HikariPool        : HikariPool-1 - Added connection ConnectionID:1 ClientConnectionId: f1f83b1a-e75c-455f-9eba-237a1078dd05
2025-07-03T01:13:17.171+07:00  INFO 9740 --- [ADN] [main] com.zaxxer.hikari.HikariDataSource       : HikariPool-1 - Start completed.
2025-07-03T01:13:17.206+07:00  INFO 9740 --- [ADN] [main] org.flywaydb.core.FlywayExecutor         : Database: jdbc:sqlserver://localhost:1433;connectRetryInterval=10;connectRetryCount=1;maxResultBuffer=-1;sendTemporalDataTypesAsStringForBulkCopy=true;delayLoadingLobs=true;useFmtOnly=false;cacheBulkCopyMetadata=false;bulkCopyForBatchInsertAllowEncryptedValueModifications=false;bulkCopyForBatchInsertTableLock=false;bulkCopyForBatchInsertKeepNulls=false;bulkCopyForBatchInsertKeepIdentity=false;bulkCopyForBatchInsertFireTriggers=false;bulkCopyForBatchInsertCheckConstraints=false;bulkCopyForBatchInsertBatchSize=0;useBulkCopyForBatchInsert=false;cancelQueryTimeout=-1;sslProtocol=TLS;calcBigDecimalPrecision=false;useDefaultJaasConfig=false;jaasConfigurationName=SQLJDBCDriver;statementPoolingCacheSize=0;serverPreparedStatementDiscardThreshold=10;enablePrepareOnFirstPreparedStatementCall=false;fips=false;socketTimeout=0;authentication=NotSpecified;authenticationScheme=nativeAuthentication;xopenStates=false;datetimeParameterType=datetime2;sendTimeAsDatetime=true;replication=false;trustStoreType=JKS;trustServerCertificate=true;TransparentNetworkIPResolution=true;iPAddressPreference=IPv4First;serverNameAsACE=false;sendStringParametersAsUnicode=true;selectMethod=direct;responseBuffering=adaptive;queryTimeout=-1;packetSize=8000;multiSubnetFailover=false;loginTimeout=30;lockTimeout=-1;lastUpdateCount=true;useDefaultGSSCredential=false;prepareMethod=prepexec;encrypt=true;disableStatementPooling=true;databaseName=ADN_DB;columnEncryptionSetting=Disabled;applicationName=Microsoft JDBC Driver for SQL Server;applicationIntent=readwrite; (Microsoft SQL Server 16.0)
2025-07-03T01:13:17.373+07:00  INFO 9740 --- [ADN] [main] o.f.core.internal.command.DbValidate     : Successfully validated 17 migrations (execution time 00:00.054s)
2025-07-03T01:13:17.405+07:00  INFO 9740 --- [ADN] [main] o.f.core.internal.command.DbMigrate      : Current version of schema [dbo]: 26
2025-07-03T01:13:17.413+07:00  INFO 9740 --- [ADN] [main] o.f.core.internal.command.DbMigrate      : Schema [dbo] is up to date. No migration necessary.
2025-07-03T01:13:17.482+07:00  INFO 9740 --- [ADN] [main] o.hibernate.jpa.internal.util.LogHelper  : HHH000204: Processing PersistenceUnitInfo [name: default]
2025-07-03T01:13:17.527+07:00  INFO 9740 --- [ADN] [main] org.hibernate.Version                    : HHH000412: Hibernate ORM core version 6.6.15.Final
2025-07-03T01:13:17.553+07:00  INFO 9740 --- [ADN] [main] o.h.c.internal.RegionFactoryInitiator    : HHH000026: Second-level cache disabled
2025-07-03T01:13:18.805+07:00  INFO 9740 --- [ADN] [main] o.s.o.j.p.SpringPersistenceUnitInfo      : No LoadTimeWeaver setup: ignoring JPA class transformer
2025-07-03T01:13:19.037+07:00  WARN 9740 --- [ADN] [main] org.hibernate.orm.deprecation            : HHH90000025: SQLServer2012Dialect does not need to be specified explicitly using 'hibernate.dialect' (remove the property setting and it will be selected by default)
2025-07-03T01:13:19.041+07:00  WARN 9740 --- [ADN] [main] org.hibernate.orm.deprecation            : HHH90000026: SQLServer2012Dialect has been deprecated; use org.hibernate.dialect.SQLServerDialect instead
2025-07-03T01:13:19.075+07:00  INFO 9740 --- [ADN] [main] org.hibernate.orm.connections.pooling    : HHH10001005: Database info:
	Database JDBC URL [Connecting through datasource 'HikariDataSource (HikariPool-1)']
	Database driver: undefined/unknown
	Database version: 11.0
	Autocommit mode: undefined/unknown
	Isolation level: undefined/unknown
	Minimum pool size: undefined/unknown
	Maximum pool size: undefined/unknown
2025-07-03T01:13:20.827+07:00  INFO 9740 --- [ADN] [main] o.h.e.t.j.p.i.JtaPlatformInitiator       : HHH000489: No JTA platform available (set 'hibernate.transaction.jta.platform' to enable JTA platform integration)
2025-07-03T01:13:23.601+07:00  INFO 9740 --- [ADN] [main] j.LocalContainerEntityManagerFactoryBean : Initialized JPA EntityManagerFactory for persistence unit 'default'
2025-07-03T01:13:24.131+07:00  INFO 9740 --- [ADN] [main] o.s.d.j.r.query.QueryEnhancerFactory     : Hibernate is in classpath; If applicable, HQL parser will be used.
2025-07-03T01:13:25.716+07:00  WARN 9740 --- [ADN] [main] JpaBaseConfiguration$JpaWebConfiguration : spring.jpa.open-in-view is enabled by default. Therefore, database queries may be performed during view rendering. Explicitly configure spring.jpa.open-in-view to disable this warning
2025-07-03T01:13:25.755+07:00  WARN 9740 --- [ADN] [main] .s.s.UserDetailsServiceAutoConfiguration : 

Using generated security password: 892f8e02-9863-4be9-b57e-278c1c3735ea

This generated password is for development use only. Your security configuration must be updated before running your application in production.

2025-07-03T01:13:25.765+07:00  INFO 9740 --- [ADN] [main] r$InitializeUserDetailsManagerConfigurer : Global AuthenticationManager configured with UserDetailsService bean with name inMemoryUserDetailsManager
2025-07-03T01:13:26.640+07:00  INFO 9740 --- [ADN] [main] o.s.b.w.embedded.tomcat.TomcatWebServer  : Tomcat started on port 8080 (http) with context path '/'
2025-07-03T01:13:26.653+07:00  INFO 9740 --- [ADN] [main] com.group2.ADN.AdnApplication            : Started AdnApplication in 11.389 seconds (process running for 11.879)
2025-07-03T01:13:26.658+07:00  INFO 9740 --- [ADN] [scheduling-1] c.g.A.controller.NotificationController  : 泄 B蘯ｯt ﾄ黛ｺｧu cleanup notification h蘯ｿt h蘯｡n...
2025-07-03T01:13:39.046+07:00  INFO 9740 --- [ADN] [http-nio-8080-exec-6] o.a.c.c.C.[Tomcat].[localhost].[/]       : Initializing Spring DispatcherServlet 'dispatcherServlet'
2025-07-03T01:13:39.046+07:00  INFO 9740 --- [ADN] [http-nio-8080-exec-6] o.s.web.servlet.DispatcherServlet        : Initializing Servlet 'dispatcherServlet'
2025-07-03T01:13:39.049+07:00  INFO 9740 --- [ADN] [http-nio-8080-exec-6] o.s.web.servlet.DispatcherServlet        : Completed initialization in 2 ms
2025-07-03T01:17:01.150+07:00  INFO 9740 --- [ADN] [http-nio-8080-exec-3] c.group2.ADN.controller.AuthController   : User ﾄ惰ハg kﾃｽ m盻嬖: email=screwpartyr56@gmail.com, fullName=asd
2025-07-03T01:18:02.636+07:00  INFO 9740 --- [ADN] [SpringApplicationShutdownHook] o.s.b.w.e.tomcat.GracefulShutdown        : Commencing graceful shutdown. Waiting for active requests to complete
2025-07-03T01:18:02.646+07:00  INFO 9740 --- [ADN] [tomcat-shutdown] o.s.b.w.e.tomcat.GracefulShutdown        : Graceful shutdown complete
2025-07-03T01:18:02.655+07:00  INFO 9740 --- [ADN] [SpringApplicationShutdownHook] j.LocalContainerEntityManagerFactoryBean : Closing JPA EntityManagerFactory for persistence unit 'default'
2025-07-03T01:18:02.659+07:00  INFO 9740 --- [ADN] [SpringApplicationShutdownHook] com.zaxxer.hikari.HikariDataSource       : HikariPool-1 - Shutdown initiated...
2025-07-03T01:18:02.664+07:00  INFO 9740 --- [ADN] [SpringApplicationShutdownHook] com.zaxxer.hikari.HikariDataSource       : HikariPool-1 - Shutdown completed.
2025-07-03T01:21:27.266+07:00  INFO 16588 --- [ADN] [main] com.group2.ADN.AdnApplication            : Starting AdnApplication using Java 24.0.1 with PID 16588 (C:\Users\Phuong Nguyen\Desktop\SWP_Backend\target\classes started by Phuong Nguyen in C:\Users\Phuong Nguyen\Desktop\SWP_Backend)
2025-07-03T01:21:27.268+07:00 DEBUG 16588 --- [ADN] [main] com.group2.ADN.AdnApplication            : Running with Spring Boot v3.5.0, Spring v6.2.7
2025-07-03T01:21:27.268+07:00  INFO 16588 --- [ADN] [main] com.group2.ADN.AdnApplication            : No active profile set, falling back to 1 default profile: "default"
2025-07-03T01:21:28.176+07:00  INFO 16588 --- [ADN] [main] .s.d.r.c.RepositoryConfigurationDelegate : Bootstrapping Spring Data JPA repositories in DEFAULT mode.
2025-07-03T01:21:28.248+07:00  INFO 16588 --- [ADN] [main] .s.d.r.c.RepositoryConfigurationDelegate : Finished Spring Data repository scanning in 62 ms. Found 9 JPA repository interfaces.
2025-07-03T01:21:28.705+07:00  INFO 16588 --- [ADN] [main] o.s.b.w.embedded.tomcat.TomcatWebServer  : Tomcat initialized with port 8080 (http)
2025-07-03T01:21:28.715+07:00  INFO 16588 --- [ADN] [main] o.apache.catalina.core.StandardService   : Starting service [Tomcat]
2025-07-03T01:21:28.715+07:00  INFO 16588 --- [ADN] [main] o.apache.catalina.core.StandardEngine    : Starting Servlet engine: [Apache Tomcat/10.1.41]
2025-07-03T01:21:28.759+07:00  INFO 16588 --- [ADN] [main] o.a.c.c.C.[Tomcat].[localhost].[/]       : Initializing Spring embedded WebApplicationContext
2025-07-03T01:21:28.760+07:00  INFO 16588 --- [ADN] [main] w.s.c.ServletWebServerApplicationContext : Root WebApplicationContext: initialization completed in 1417 ms
2025-07-03T01:21:28.798+07:00 DEBUG 16588 --- [ADN] [main] c.g.A.security.JwtAuthenticationFilter   : Filter 'jwtAuthenticationFilter' configured for use
2025-07-03T01:21:29.037+07:00  INFO 16588 --- [ADN] [main] com.zaxxer.hikari.HikariDataSource       : HikariPool-1 - Starting...
2025-07-03T01:21:29.312+07:00  INFO 16588 --- [ADN] [main] com.zaxxer.hikari.pool.HikariPool        : HikariPool-1 - Added connection ConnectionID:1 ClientConnectionId: 452d4bd4-9d0b-4383-828c-432c393b9f28
2025-07-03T01:21:29.314+07:00  INFO 16588 --- [ADN] [main] com.zaxxer.hikari.HikariDataSource       : HikariPool-1 - Start completed.
2025-07-03T01:21:29.354+07:00  INFO 16588 --- [ADN] [main] org.flywaydb.core.FlywayExecutor         : Database: jdbc:sqlserver://localhost:1433;connectRetryInterval=10;connectRetryCount=1;maxResultBuffer=-1;sendTemporalDataTypesAsStringForBulkCopy=true;delayLoadingLobs=true;useFmtOnly=false;cacheBulkCopyMetadata=false;bulkCopyForBatchInsertAllowEncryptedValueModifications=false;bulkCopyForBatchInsertTableLock=false;bulkCopyForBatchInsertKeepNulls=false;bulkCopyForBatchInsertKeepIdentity=false;bulkCopyForBatchInsertFireTriggers=false;bulkCopyForBatchInsertCheckConstraints=false;bulkCopyForBatchInsertBatchSize=0;useBulkCopyForBatchInsert=false;cancelQueryTimeout=-1;sslProtocol=TLS;calcBigDecimalPrecision=false;useDefaultJaasConfig=false;jaasConfigurationName=SQLJDBCDriver;statementPoolingCacheSize=0;serverPreparedStatementDiscardThreshold=10;enablePrepareOnFirstPreparedStatementCall=false;fips=false;socketTimeout=0;authentication=NotSpecified;authenticationScheme=nativeAuthentication;xopenStates=false;datetimeParameterType=datetime2;sendTimeAsDatetime=true;replication=false;trustStoreType=JKS;trustServerCertificate=true;TransparentNetworkIPResolution=true;iPAddressPreference=IPv4First;serverNameAsACE=false;sendStringParametersAsUnicode=true;selectMethod=direct;responseBuffering=adaptive;queryTimeout=-1;packetSize=8000;multiSubnetFailover=false;loginTimeout=30;lockTimeout=-1;lastUpdateCount=true;useDefaultGSSCredential=false;prepareMethod=prepexec;encrypt=true;disableStatementPooling=true;databaseName=ADN_DB;columnEncryptionSetting=Disabled;applicationName=Microsoft JDBC Driver for SQL Server;applicationIntent=readwrite; (Microsoft SQL Server 16.0)
2025-07-03T01:21:29.474+07:00  INFO 16588 --- [ADN] [main] o.f.core.internal.command.DbValidate     : Successfully validated 17 migrations (execution time 00:00.050s)
2025-07-03T01:21:29.496+07:00  INFO 16588 --- [ADN] [main] o.f.core.internal.command.DbMigrate      : Current version of schema [dbo]: 26
2025-07-03T01:21:29.503+07:00  INFO 16588 --- [ADN] [main] o.f.core.internal.command.DbMigrate      : Schema [dbo] is up to date. No migration necessary.
2025-07-03T01:21:29.589+07:00  INFO 16588 --- [ADN] [main] o.hibernate.jpa.internal.util.LogHelper  : HHH000204: Processing PersistenceUnitInfo [name: default]
2025-07-03T01:21:29.638+07:00  INFO 16588 --- [ADN] [main] org.hibernate.Version                    : HHH000412: Hibernate ORM core version 6.6.15.Final
2025-07-03T01:21:29.671+07:00  INFO 16588 --- [ADN] [main] o.h.c.internal.RegionFactoryInitiator    : HHH000026: Second-level cache disabled
2025-07-03T01:21:29.990+07:00  INFO 16588 --- [ADN] [main] o.s.o.j.p.SpringPersistenceUnitInfo      : No LoadTimeWeaver setup: ignoring JPA class transformer
2025-07-03T01:21:30.035+07:00  WARN 16588 --- [ADN] [main] org.hibernate.orm.deprecation            : HHH90000025: SQLServer2012Dialect does not need to be specified explicitly using 'hibernate.dialect' (remove the property setting and it will be selected by default)
2025-07-03T01:21:30.036+07:00  WARN 16588 --- [ADN] [main] org.hibernate.orm.deprecation            : HHH90000026: SQLServer2012Dialect has been deprecated; use org.hibernate.dialect.SQLServerDialect instead
2025-07-03T01:21:30.062+07:00  INFO 16588 --- [ADN] [main] org.hibernate.orm.connections.pooling    : HHH10001005: Database info:
	Database JDBC URL [Connecting through datasource 'HikariDataSource (HikariPool-1)']
	Database driver: undefined/unknown
	Database version: 11.0
	Autocommit mode: undefined/unknown
	Isolation level: undefined/unknown
	Minimum pool size: undefined/unknown
	Maximum pool size: undefined/unknown
2025-07-03T01:21:31.086+07:00  INFO 16588 --- [ADN] [main] o.h.e.t.j.p.i.JtaPlatformInitiator       : HHH000489: No JTA platform available (set 'hibernate.transaction.jta.platform' to enable JTA platform integration)
2025-07-03T01:21:31.646+07:00  INFO 16588 --- [ADN] [main] j.LocalContainerEntityManagerFactoryBean : Initialized JPA EntityManagerFactory for persistence unit 'default'
2025-07-03T01:21:31.910+07:00  INFO 16588 --- [ADN] [main] o.s.d.j.r.query.QueryEnhancerFactory     : Hibernate is in classpath; If applicable, HQL parser will be used.
2025-07-03T01:21:33.000+07:00  WARN 16588 --- [ADN] [main] JpaBaseConfiguration$JpaWebConfiguration : spring.jpa.open-in-view is enabled by default. Therefore, database queries may be performed during view rendering. Explicitly configure spring.jpa.open-in-view to disable this warning
2025-07-03T01:21:33.040+07:00  WARN 16588 --- [ADN] [main] .s.s.UserDetailsServiceAutoConfiguration : 

Using generated security password: 1bf5a09c-7277-4399-a497-18e726bd2b5e

This generated password is for development use only. Your security configuration must be updated before running your application in production.

2025-07-03T01:21:33.048+07:00  INFO 16588 --- [ADN] [main] r$InitializeUserDetailsManagerConfigurer : Global AuthenticationManager configured with UserDetailsService bean with name inMemoryUserDetailsManager
2025-07-03T01:21:33.955+07:00  INFO 16588 --- [ADN] [main] o.s.b.w.embedded.tomcat.TomcatWebServer  : Tomcat started on port 8080 (http) with context path '/'
2025-07-03T01:21:33.978+07:00  INFO 16588 --- [ADN] [main] com.group2.ADN.AdnApplication            : Started AdnApplication in 7.245 seconds (process running for 9.03)
2025-07-03T01:21:33.986+07:00  INFO 16588 --- [ADN] [scheduling-1] c.g.A.controller.NotificationController  : 泄 B蘯ｯt ﾄ黛ｺｧu cleanup notification h蘯ｿt h蘯｡n...
2025-07-03T01:21:34.850+07:00  INFO 16588 --- [ADN] [http-nio-8080-exec-4] o.a.c.c.C.[Tomcat].[localhost].[/]       : Initializing Spring DispatcherServlet 'dispatcherServlet'
2025-07-03T01:21:34.851+07:00  INFO 16588 --- [ADN] [http-nio-8080-exec-4] o.s.web.servlet.DispatcherServlet        : Initializing Servlet 'dispatcherServlet'
2025-07-03T01:21:34.853+07:00  INFO 16588 --- [ADN] [http-nio-8080-exec-4] o.s.web.servlet.DispatcherServlet        : Completed initialization in 2 ms
2025-07-03T01:22:35.602+07:00  INFO 16588 --- [ADN] [http-nio-8080-exec-5] com.group2.ADN.service.TicketService     : ﾄ雪ｻ品 tr蘯｡ng thﾃ｡i ticket #852 t盻ｫ IN_PROGRESS sang IN_PROGRESS
2025-07-03T01:22:35.603+07:00  INFO 16588 --- [ADN] [http-nio-8080-exec-5] com.group2.ADN.service.TicketService     : ﾄ静｣ ﾄ黛ｻ品 tr蘯｡ng thﾃ｡i ticket #852 thﾃnh IN_PROGRESS thﾃnh cﾃｴng
2025-07-03T01:22:35.641+07:00  WARN 16588 --- [ADN] [http-nio-8080-exec-8] .w.s.m.s.DefaultHandlerExceptionResolver : Resolved [org.springframework.web.HttpRequestMethodNotSupportedException: Request method 'POST' is not supported]
2025-07-03T01:22:44.395+07:00  WARN 16588 --- [ADN] [http-nio-8080-exec-4] .w.s.m.s.DefaultHandlerExceptionResolver : Resolved [org.springframework.web.HttpRequestMethodNotSupportedException: Request method 'POST' is not supported]
2025-07-03T01:26:54.964+07:00  INFO 16588 --- [ADN] [SpringApplicationShutdownHook] o.s.b.w.e.tomcat.GracefulShutdown        : Commencing graceful shutdown. Waiting for active requests to complete
2025-07-03T01:26:54.973+07:00  INFO 16588 --- [ADN] [tomcat-shutdown] o.s.b.w.e.tomcat.GracefulShutdown        : Graceful shutdown complete
2025-07-03T01:26:54.979+07:00  INFO 16588 --- [ADN] [SpringApplicationShutdownHook] j.LocalContainerEntityManagerFactoryBean : Closing JPA EntityManagerFactory for persistence unit 'default'
2025-07-03T01:26:54.981+07:00  INFO 16588 --- [ADN] [SpringApplicationShutdownHook] com.zaxxer.hikari.HikariDataSource       : HikariPool-1 - Shutdown initiated...
2025-07-03T01:26:54.985+07:00  INFO 16588 --- [ADN] [SpringApplicationShutdownHook] com.zaxxer.hikari.HikariDataSource       : HikariPool-1 - Shutdown completed.
2025-07-03T01:27:00.249+07:00  INFO 14756 --- [ADN] [main] com.group2.ADN.AdnApplication            : Starting AdnApplication using Java 24.0.1 with PID 14756 (C:\Users\Phuong Nguyen\Desktop\SWP_Backend\target\classes started by Phuong Nguyen in C:\Users\Phuong Nguyen\Desktop\SWP_Backend)
2025-07-03T01:27:00.251+07:00 DEBUG 14756 --- [ADN] [main] com.group2.ADN.AdnApplication            : Running with Spring Boot v3.5.0, Spring v6.2.7
2025-07-03T01:27:00.252+07:00  INFO 14756 --- [ADN] [main] com.group2.ADN.AdnApplication            : No active profile set, falling back to 1 default profile: "default"
2025-07-03T01:27:00.979+07:00  INFO 14756 --- [ADN] [main] .s.d.r.c.RepositoryConfigurationDelegate : Bootstrapping Spring Data JPA repositories in DEFAULT mode.
2025-07-03T01:27:01.032+07:00  INFO 14756 --- [ADN] [main] .s.d.r.c.RepositoryConfigurationDelegate : Finished Spring Data repository scanning in 46 ms. Found 9 JPA repository interfaces.
2025-07-03T01:27:01.441+07:00  INFO 14756 --- [ADN] [main] o.s.b.w.embedded.tomcat.TomcatWebServer  : Tomcat initialized with port 8080 (http)
2025-07-03T01:27:01.452+07:00  INFO 14756 --- [ADN] [main] o.apache.catalina.core.StandardService   : Starting service [Tomcat]
2025-07-03T01:27:01.453+07:00  INFO 14756 --- [ADN] [main] o.apache.catalina.core.StandardEngine    : Starting Servlet engine: [Apache Tomcat/10.1.41]
2025-07-03T01:27:01.496+07:00  INFO 14756 --- [ADN] [main] o.a.c.c.C.[Tomcat].[localhost].[/]       : Initializing Spring embedded WebApplicationContext
2025-07-03T01:27:01.496+07:00  INFO 14756 --- [ADN] [main] w.s.c.ServletWebServerApplicationContext : Root WebApplicationContext: initialization completed in 1192 ms
2025-07-03T01:27:01.530+07:00 DEBUG 14756 --- [ADN] [main] c.g.A.security.JwtAuthenticationFilter   : Filter 'jwtAuthenticationFilter' configured for use
2025-07-03T01:27:01.730+07:00  INFO 14756 --- [ADN] [main] com.zaxxer.hikari.HikariDataSource       : HikariPool-1 - Starting...
2025-07-03T01:27:01.955+07:00  INFO 14756 --- [ADN] [main] com.zaxxer.hikari.pool.HikariPool        : HikariPool-1 - Added connection ConnectionID:1 ClientConnectionId: 8a51744b-286a-4228-b8a9-8aab77094870
2025-07-03T01:27:01.957+07:00  INFO 14756 --- [ADN] [main] com.zaxxer.hikari.HikariDataSource       : HikariPool-1 - Start completed.
2025-07-03T01:27:01.998+07:00  INFO 14756 --- [ADN] [main] org.flywaydb.core.FlywayExecutor         : Database: jdbc:sqlserver://localhost:1433;connectRetryInterval=10;connectRetryCount=1;maxResultBuffer=-1;sendTemporalDataTypesAsStringForBulkCopy=true;delayLoadingLobs=true;useFmtOnly=false;cacheBulkCopyMetadata=false;bulkCopyForBatchInsertAllowEncryptedValueModifications=false;bulkCopyForBatchInsertTableLock=false;bulkCopyForBatchInsertKeepNulls=false;bulkCopyForBatchInsertKeepIdentity=false;bulkCopyForBatchInsertFireTriggers=false;bulkCopyForBatchInsertCheckConstraints=false;bulkCopyForBatchInsertBatchSize=0;useBulkCopyForBatchInsert=false;cancelQueryTimeout=-1;sslProtocol=TLS;calcBigDecimalPrecision=false;useDefaultJaasConfig=false;jaasConfigurationName=SQLJDBCDriver;statementPoolingCacheSize=0;serverPreparedStatementDiscardThreshold=10;enablePrepareOnFirstPreparedStatementCall=false;fips=false;socketTimeout=0;authentication=NotSpecified;authenticationScheme=nativeAuthentication;xopenStates=false;datetimeParameterType=datetime2;sendTimeAsDatetime=true;replication=false;trustStoreType=JKS;trustServerCertificate=true;TransparentNetworkIPResolution=true;iPAddressPreference=IPv4First;serverNameAsACE=false;sendStringParametersAsUnicode=true;selectMethod=direct;responseBuffering=adaptive;queryTimeout=-1;packetSize=8000;multiSubnetFailover=false;loginTimeout=30;lockTimeout=-1;lastUpdateCount=true;useDefaultGSSCredential=false;prepareMethod=prepexec;encrypt=true;disableStatementPooling=true;databaseName=ADN_DB;columnEncryptionSetting=Disabled;applicationName=Microsoft JDBC Driver for SQL Server;applicationIntent=readwrite; (Microsoft SQL Server 16.0)
2025-07-03T01:27:02.091+07:00  INFO 14756 --- [ADN] [main] o.f.core.internal.command.DbValidate     : Successfully validated 17 migrations (execution time 00:00.047s)
2025-07-03T01:27:02.114+07:00  INFO 14756 --- [ADN] [main] o.f.core.internal.command.DbMigrate      : Current version of schema [dbo]: 26
2025-07-03T01:27:02.121+07:00  INFO 14756 --- [ADN] [main] o.f.core.internal.command.DbMigrate      : Schema [dbo] is up to date. No migration necessary.
2025-07-03T01:27:02.192+07:00  INFO 14756 --- [ADN] [main] o.hibernate.jpa.internal.util.LogHelper  : HHH000204: Processing PersistenceUnitInfo [name: default]
2025-07-03T01:27:02.250+07:00  INFO 14756 --- [ADN] [main] org.hibernate.Version                    : HHH000412: Hibernate ORM core version 6.6.15.Final
2025-07-03T01:27:02.293+07:00  INFO 14756 --- [ADN] [main] o.h.c.internal.RegionFactoryInitiator    : HHH000026: Second-level cache disabled
2025-07-03T01:27:02.591+07:00  INFO 14756 --- [ADN] [main] o.s.o.j.p.SpringPersistenceUnitInfo      : No LoadTimeWeaver setup: ignoring JPA class transformer
2025-07-03T01:27:02.646+07:00  WARN 14756 --- [ADN] [main] org.hibernate.orm.deprecation            : HHH90000025: SQLServer2012Dialect does not need to be specified explicitly using 'hibernate.dialect' (remove the property setting and it will be selected by default)
2025-07-03T01:27:02.647+07:00  WARN 14756 --- [ADN] [main] org.hibernate.orm.deprecation            : HHH90000026: SQLServer2012Dialect has been deprecated; use org.hibernate.dialect.SQLServerDialect instead
2025-07-03T01:27:02.661+07:00  INFO 14756 --- [ADN] [main] org.hibernate.orm.connections.pooling    : HHH10001005: Database info:
	Database JDBC URL [Connecting through datasource 'HikariDataSource (HikariPool-1)']
	Database driver: undefined/unknown
	Database version: 11.0
	Autocommit mode: undefined/unknown
	Isolation level: undefined/unknown
	Minimum pool size: undefined/unknown
	Maximum pool size: undefined/unknown
2025-07-03T01:27:03.671+07:00  INFO 14756 --- [ADN] [main] o.h.e.t.j.p.i.JtaPlatformInitiator       : HHH000489: No JTA platform available (set 'hibernate.transaction.jta.platform' to enable JTA platform integration)
2025-07-03T01:27:04.545+07:00  INFO 14756 --- [ADN] [main] j.LocalContainerEntityManagerFactoryBean : Initialized JPA EntityManagerFactory for persistence unit 'default'
2025-07-03T01:27:04.794+07:00  INFO 14756 --- [ADN] [main] o.s.d.j.r.query.QueryEnhancerFactory     : Hibernate is in classpath; If applicable, HQL parser will be used.
2025-07-03T01:27:05.834+07:00  WARN 14756 --- [ADN] [main] JpaBaseConfiguration$JpaWebConfiguration : spring.jpa.open-in-view is enabled by default. Therefore, database queries may be performed during view rendering. Explicitly configure spring.jpa.open-in-view to disable this warning
2025-07-03T01:27:05.861+07:00  WARN 14756 --- [ADN] [main] .s.s.UserDetailsServiceAutoConfiguration : 

Using generated security password: 6e89a71d-b799-41b0-9cbd-dce77d29fe5d

This generated password is for development use only. Your security configuration must be updated before running your application in production.

2025-07-03T01:27:05.869+07:00  INFO 14756 --- [ADN] [main] r$InitializeUserDetailsManagerConfigurer : Global AuthenticationManager configured with UserDetailsService bean with name inMemoryUserDetailsManager
2025-07-03T01:27:06.503+07:00  INFO 14756 --- [ADN] [main] o.s.b.w.embedded.tomcat.TomcatWebServer  : Tomcat started on port 8080 (http) with context path '/'
2025-07-03T01:27:06.513+07:00  INFO 14756 --- [ADN] [main] com.group2.ADN.AdnApplication            : Started AdnApplication in 6.72 seconds (process running for 7.364)
2025-07-03T01:27:06.518+07:00  INFO 14756 --- [ADN] [scheduling-1] c.g.A.controller.NotificationController  : 泄 B蘯ｯt ﾄ黛ｺｧu cleanup notification h蘯ｿt h蘯｡n...
2025-07-03T01:27:23.896+07:00  INFO 14756 --- [ADN] [http-nio-8080-exec-1] o.a.c.c.C.[Tomcat].[localhost].[/]       : Initializing Spring DispatcherServlet 'dispatcherServlet'
2025-07-03T01:27:23.896+07:00  INFO 14756 --- [ADN] [http-nio-8080-exec-1] o.s.web.servlet.DispatcherServlet        : Initializing Servlet 'dispatcherServlet'
2025-07-03T01:27:23.898+07:00  INFO 14756 --- [ADN] [http-nio-8080-exec-1] o.s.web.servlet.DispatcherServlet        : Completed initialization in 2 ms
2025-07-03T01:28:02.317+07:00  INFO 14756 --- [ADN] [http-nio-8080-exec-5] com.group2.ADN.service.TicketService     : ﾄ雪ｻ品 tr蘯｡ng thﾃ｡i ticket #902 t盻ｫ IN_PROGRESS sang IN_PROGRESS
2025-07-03T01:28:02.318+07:00  INFO 14756 --- [ADN] [http-nio-8080-exec-5] com.group2.ADN.service.TicketService     : ﾄ静｣ ﾄ黛ｻ品 tr蘯｡ng thﾃ｡i ticket #902 thﾃnh IN_PROGRESS thﾃnh cﾃｴng
2025-07-03T01:28:02.353+07:00  WARN 14756 --- [ADN] [http-nio-8080-exec-4] .w.s.m.s.DefaultHandlerExceptionResolver : Resolved [org.springframework.web.HttpRequestMethodNotSupportedException: Request method 'POST' is not supported]
2025-07-03T01:28:11.310+07:00  WARN 14756 --- [ADN] [http-nio-8080-exec-8] .w.s.m.s.DefaultHandlerExceptionResolver : Resolved [org.springframework.web.HttpRequestMethodNotSupportedException: Request method 'POST' is not supported]
2025-07-03T01:38:55.495+07:00  INFO 14756 --- [ADN] [SpringApplicationShutdownHook] o.s.b.w.e.tomcat.GracefulShutdown        : Commencing graceful shutdown. Waiting for active requests to complete
2025-07-03T01:38:55.508+07:00  INFO 14756 --- [ADN] [tomcat-shutdown] o.s.b.w.e.tomcat.GracefulShutdown        : Graceful shutdown complete
2025-07-03T01:38:55.516+07:00  INFO 14756 --- [ADN] [SpringApplicationShutdownHook] j.LocalContainerEntityManagerFactoryBean : Closing JPA EntityManagerFactory for persistence unit 'default'
2025-07-03T01:38:55.521+07:00  INFO 14756 --- [ADN] [SpringApplicationShutdownHook] com.zaxxer.hikari.HikariDataSource       : HikariPool-1 - Shutdown initiated...
2025-07-03T01:38:55.527+07:00  INFO 14756 --- [ADN] [SpringApplicationShutdownHook] com.zaxxer.hikari.HikariDataSource       : HikariPool-1 - Shutdown completed.
2025-07-03T01:43:28.167+07:00  INFO 11516 --- [ADN] [main] com.group2.ADN.AdnApplication            : Starting AdnApplication using Java 24.0.1 with PID 11516 (C:\Users\Phuong Nguyen\Desktop\SWP_Backend\target\classes started by Phuong Nguyen in C:\Users\Phuong Nguyen\Desktop\SWP_Backend)
2025-07-03T01:43:28.168+07:00 DEBUG 11516 --- [ADN] [main] com.group2.ADN.AdnApplication            : Running with Spring Boot v3.5.0, Spring v6.2.7
2025-07-03T01:43:28.169+07:00  INFO 11516 --- [ADN] [main] com.group2.ADN.AdnApplication            : No active profile set, falling back to 1 default profile: "default"
2025-07-03T01:43:28.823+07:00  INFO 11516 --- [ADN] [main] .s.d.r.c.RepositoryConfigurationDelegate : Bootstrapping Spring Data JPA repositories in DEFAULT mode.
2025-07-03T01:43:28.873+07:00  INFO 11516 --- [ADN] [main] .s.d.r.c.RepositoryConfigurationDelegate : Finished Spring Data repository scanning in 44 ms. Found 9 JPA repository interfaces.
2025-07-03T01:43:29.249+07:00  INFO 11516 --- [ADN] [main] o.s.b.w.embedded.tomcat.TomcatWebServer  : Tomcat initialized with port 8080 (http)
2025-07-03T01:43:29.260+07:00  INFO 11516 --- [ADN] [main] o.apache.catalina.core.StandardService   : Starting service [Tomcat]
2025-07-03T01:43:29.260+07:00  INFO 11516 --- [ADN] [main] o.apache.catalina.core.StandardEngine    : Starting Servlet engine: [Apache Tomcat/10.1.41]
2025-07-03T01:43:29.305+07:00  INFO 11516 --- [ADN] [main] o.a.c.c.C.[Tomcat].[localhost].[/]       : Initializing Spring embedded WebApplicationContext
2025-07-03T01:43:29.305+07:00  INFO 11516 --- [ADN] [main] w.s.c.ServletWebServerApplicationContext : Root WebApplicationContext: initialization completed in 1080 ms
2025-07-03T01:43:29.337+07:00 DEBUG 11516 --- [ADN] [main] c.g.A.security.JwtAuthenticationFilter   : Filter 'jwtAuthenticationFilter' configured for use
2025-07-03T01:43:29.614+07:00  INFO 11516 --- [ADN] [main] com.zaxxer.hikari.HikariDataSource       : HikariPool-1 - Starting...
2025-07-03T01:43:29.887+07:00  INFO 11516 --- [ADN] [main] com.zaxxer.hikari.pool.HikariPool        : HikariPool-1 - Added connection ConnectionID:1 ClientConnectionId: 7122e681-7c77-4d99-bf3f-e19b459fd44e
2025-07-03T01:43:29.890+07:00  INFO 11516 --- [ADN] [main] com.zaxxer.hikari.HikariDataSource       : HikariPool-1 - Start completed.
2025-07-03T01:43:29.925+07:00  INFO 11516 --- [ADN] [main] org.flywaydb.core.FlywayExecutor         : Database: jdbc:sqlserver://localhost:1433;connectRetryInterval=10;connectRetryCount=1;maxResultBuffer=-1;sendTemporalDataTypesAsStringForBulkCopy=true;delayLoadingLobs=true;useFmtOnly=false;cacheBulkCopyMetadata=false;bulkCopyForBatchInsertAllowEncryptedValueModifications=false;bulkCopyForBatchInsertTableLock=false;bulkCopyForBatchInsertKeepNulls=false;bulkCopyForBatchInsertKeepIdentity=false;bulkCopyForBatchInsertFireTriggers=false;bulkCopyForBatchInsertCheckConstraints=false;bulkCopyForBatchInsertBatchSize=0;useBulkCopyForBatchInsert=false;cancelQueryTimeout=-1;sslProtocol=TLS;calcBigDecimalPrecision=false;useDefaultJaasConfig=false;jaasConfigurationName=SQLJDBCDriver;statementPoolingCacheSize=0;serverPreparedStatementDiscardThreshold=10;enablePrepareOnFirstPreparedStatementCall=false;fips=false;socketTimeout=0;authentication=NotSpecified;authenticationScheme=nativeAuthentication;xopenStates=false;datetimeParameterType=datetime2;sendTimeAsDatetime=true;replication=false;trustStoreType=JKS;trustServerCertificate=true;TransparentNetworkIPResolution=true;iPAddressPreference=IPv4First;serverNameAsACE=false;sendStringParametersAsUnicode=true;selectMethod=direct;responseBuffering=adaptive;queryTimeout=-1;packetSize=8000;multiSubnetFailover=false;loginTimeout=30;lockTimeout=-1;lastUpdateCount=true;useDefaultGSSCredential=false;prepareMethod=prepexec;encrypt=true;disableStatementPooling=true;databaseName=ADN_DB;columnEncryptionSetting=Disabled;applicationName=Microsoft JDBC Driver for SQL Server;applicationIntent=readwrite; (Microsoft SQL Server 16.0)
2025-07-03T01:43:30.119+07:00  INFO 11516 --- [ADN] [main] o.f.core.internal.command.DbValidate     : Successfully validated 17 migrations (execution time 00:00.052s)
2025-07-03T01:43:30.142+07:00  INFO 11516 --- [ADN] [main] o.f.core.internal.command.DbMigrate      : Current version of schema [dbo]: 26
2025-07-03T01:43:30.149+07:00  INFO 11516 --- [ADN] [main] o.f.core.internal.command.DbMigrate      : Schema [dbo] is up to date. No migration necessary.
2025-07-03T01:43:30.219+07:00  INFO 11516 --- [ADN] [main] o.hibernate.jpa.internal.util.LogHelper  : HHH000204: Processing PersistenceUnitInfo [name: default]
2025-07-03T01:43:30.267+07:00  INFO 11516 --- [ADN] [main] org.hibernate.Version                    : HHH000412: Hibernate ORM core version 6.6.15.Final
2025-07-03T01:43:30.296+07:00  INFO 11516 --- [ADN] [main] o.h.c.internal.RegionFactoryInitiator    : HHH000026: Second-level cache disabled
2025-07-03T01:43:30.507+07:00  INFO 11516 --- [ADN] [main] o.s.o.j.p.SpringPersistenceUnitInfo      : No LoadTimeWeaver setup: ignoring JPA class transformer
2025-07-03T01:43:30.543+07:00  WARN 11516 --- [ADN] [main] org.hibernate.orm.deprecation            : HHH90000025: SQLServer2012Dialect does not need to be specified explicitly using 'hibernate.dialect' (remove the property setting and it will be selected by default)
2025-07-03T01:43:30.543+07:00  WARN 11516 --- [ADN] [main] org.hibernate.orm.deprecation            : HHH90000026: SQLServer2012Dialect has been deprecated; use org.hibernate.dialect.SQLServerDialect instead
2025-07-03T01:43:30.554+07:00  INFO 11516 --- [ADN] [main] org.hibernate.orm.connections.pooling    : HHH10001005: Database info:
	Database JDBC URL [Connecting through datasource 'HikariDataSource (HikariPool-1)']
	Database driver: undefined/unknown
	Database version: 11.0
	Autocommit mode: undefined/unknown
	Isolation level: undefined/unknown
	Minimum pool size: undefined/unknown
	Maximum pool size: undefined/unknown
2025-07-03T01:43:31.434+07:00  INFO 11516 --- [ADN] [main] o.h.e.t.j.p.i.JtaPlatformInitiator       : HHH000489: No JTA platform available (set 'hibernate.transaction.jta.platform' to enable JTA platform integration)
2025-07-03T01:43:31.860+07:00  INFO 11516 --- [ADN] [main] j.LocalContainerEntityManagerFactoryBean : Initialized JPA EntityManagerFactory for persistence unit 'default'
2025-07-03T01:43:32.133+07:00  INFO 11516 --- [ADN] [main] o.s.d.j.r.query.QueryEnhancerFactory     : Hibernate is in classpath; If applicable, HQL parser will be used.
2025-07-03T01:43:32.982+07:00  WARN 11516 --- [ADN] [main] JpaBaseConfiguration$JpaWebConfiguration : spring.jpa.open-in-view is enabled by default. Therefore, database queries may be performed during view rendering. Explicitly configure spring.jpa.open-in-view to disable this warning
2025-07-03T01:43:32.998+07:00  WARN 11516 --- [ADN] [main] .s.s.UserDetailsServiceAutoConfiguration : 

Using generated security password: 46b4f2e8-50d4-49ec-895c-d8b56f6c4630

This generated password is for development use only. Your security configuration must be updated before running your application in production.

2025-07-03T01:43:33.003+07:00  INFO 11516 --- [ADN] [main] r$InitializeUserDetailsManagerConfigurer : Global AuthenticationManager configured with UserDetailsService bean with name inMemoryUserDetailsManager
2025-07-03T01:43:33.432+07:00  INFO 11516 --- [ADN] [main] o.s.b.w.embedded.tomcat.TomcatWebServer  : Tomcat started on port 8080 (http) with context path '/'
2025-07-03T01:43:33.440+07:00  INFO 11516 --- [ADN] [main] com.group2.ADN.AdnApplication            : Started AdnApplication in 5.74 seconds (process running for 6.337)
2025-07-03T01:43:33.442+07:00  INFO 11516 --- [ADN] [scheduling-1] c.g.A.controller.NotificationController  : 泄 B蘯ｯt ﾄ黛ｺｧu cleanup notification h蘯ｿt h蘯｡n...
2025-07-03T01:43:43.302+07:00  INFO 11516 --- [ADN] [http-nio-8080-exec-1] o.a.c.c.C.[Tomcat].[localhost].[/]       : Initializing Spring DispatcherServlet 'dispatcherServlet'
2025-07-03T01:43:43.302+07:00  INFO 11516 --- [ADN] [http-nio-8080-exec-1] o.s.web.servlet.DispatcherServlet        : Initializing Servlet 'dispatcherServlet'
2025-07-03T01:43:43.303+07:00  INFO 11516 --- [ADN] [http-nio-8080-exec-1] o.s.web.servlet.DispatcherServlet        : Completed initialization in 1 ms
2025-07-03T01:46:18.962+07:00  INFO 11516 --- [ADN] [SpringApplicationShutdownHook] o.s.b.w.e.tomcat.GracefulShutdown        : Commencing graceful shutdown. Waiting for active requests to complete
2025-07-03T01:46:18.969+07:00  INFO 11516 --- [ADN] [tomcat-shutdown] o.s.b.w.e.tomcat.GracefulShutdown        : Graceful shutdown complete
2025-07-03T01:46:18.974+07:00  INFO 11516 --- [ADN] [SpringApplicationShutdownHook] j.LocalContainerEntityManagerFactoryBean : Closing JPA EntityManagerFactory for persistence unit 'default'
2025-07-03T01:46:18.978+07:00  INFO 11516 --- [ADN] [SpringApplicationShutdownHook] com.zaxxer.hikari.HikariDataSource       : HikariPool-1 - Shutdown initiated...
2025-07-03T01:46:18.981+07:00  INFO 11516 --- [ADN] [SpringApplicationShutdownHook] com.zaxxer.hikari.HikariDataSource       : HikariPool-1 - Shutdown completed.
2025-07-03T01:46:24.159+07:00  INFO 20204 --- [ADN] [main] com.group2.ADN.AdnApplication            : Starting AdnApplication using Java 24.0.1 with PID 20204 (C:\Users\Phuong Nguyen\Desktop\SWP_Backend\target\classes started by Phuong Nguyen in C:\Users\Phuong Nguyen\Desktop\SWP_Backend)
2025-07-03T01:46:24.160+07:00 DEBUG 20204 --- [ADN] [main] com.group2.ADN.AdnApplication            : Running with Spring Boot v3.5.0, Spring v6.2.7
2025-07-03T01:46:24.161+07:00  INFO 20204 --- [ADN] [main] com.group2.ADN.AdnApplication            : No active profile set, falling back to 1 default profile: "default"
2025-07-03T01:46:24.971+07:00  INFO 20204 --- [ADN] [main] .s.d.r.c.RepositoryConfigurationDelegate : Bootstrapping Spring Data JPA repositories in DEFAULT mode.
2025-07-03T01:46:25.038+07:00  INFO 20204 --- [ADN] [main] .s.d.r.c.RepositoryConfigurationDelegate : Finished Spring Data repository scanning in 60 ms. Found 9 JPA repository interfaces.
2025-07-03T01:46:25.447+07:00  INFO 20204 --- [ADN] [main] o.s.b.w.embedded.tomcat.TomcatWebServer  : Tomcat initialized with port 8080 (http)
2025-07-03T01:46:25.457+07:00  INFO 20204 --- [ADN] [main] o.apache.catalina.core.StandardService   : Starting service [Tomcat]
2025-07-03T01:46:25.457+07:00  INFO 20204 --- [ADN] [main] o.apache.catalina.core.StandardEngine    : Starting Servlet engine: [Apache Tomcat/10.1.41]
2025-07-03T01:46:25.494+07:00  INFO 20204 --- [ADN] [main] o.a.c.c.C.[Tomcat].[localhost].[/]       : Initializing Spring embedded WebApplicationContext
2025-07-03T01:46:25.494+07:00  INFO 20204 --- [ADN] [main] w.s.c.ServletWebServerApplicationContext : Root WebApplicationContext: initialization completed in 1282 ms
2025-07-03T01:46:25.523+07:00 DEBUG 20204 --- [ADN] [main] c.g.A.security.JwtAuthenticationFilter   : Filter 'jwtAuthenticationFilter' configured for use
2025-07-03T01:46:25.707+07:00  INFO 20204 --- [ADN] [main] com.zaxxer.hikari.HikariDataSource       : HikariPool-1 - Starting...
2025-07-03T01:46:25.947+07:00  INFO 20204 --- [ADN] [main] com.zaxxer.hikari.pool.HikariPool        : HikariPool-1 - Added connection ConnectionID:1 ClientConnectionId: 1ea51c95-85d3-48d0-befe-2d0f73c9de23
2025-07-03T01:46:25.948+07:00  INFO 20204 --- [ADN] [main] com.zaxxer.hikari.HikariDataSource       : HikariPool-1 - Start completed.
2025-07-03T01:46:25.986+07:00  INFO 20204 --- [ADN] [main] org.flywaydb.core.FlywayExecutor         : Database: jdbc:sqlserver://localhost:1433;connectRetryInterval=10;connectRetryCount=1;maxResultBuffer=-1;sendTemporalDataTypesAsStringForBulkCopy=true;delayLoadingLobs=true;useFmtOnly=false;cacheBulkCopyMetadata=false;bulkCopyForBatchInsertAllowEncryptedValueModifications=false;bulkCopyForBatchInsertTableLock=false;bulkCopyForBatchInsertKeepNulls=false;bulkCopyForBatchInsertKeepIdentity=false;bulkCopyForBatchInsertFireTriggers=false;bulkCopyForBatchInsertCheckConstraints=false;bulkCopyForBatchInsertBatchSize=0;useBulkCopyForBatchInsert=false;cancelQueryTimeout=-1;sslProtocol=TLS;calcBigDecimalPrecision=false;useDefaultJaasConfig=false;jaasConfigurationName=SQLJDBCDriver;statementPoolingCacheSize=0;serverPreparedStatementDiscardThreshold=10;enablePrepareOnFirstPreparedStatementCall=false;fips=false;socketTimeout=0;authentication=NotSpecified;authenticationScheme=nativeAuthentication;xopenStates=false;datetimeParameterType=datetime2;sendTimeAsDatetime=true;replication=false;trustStoreType=JKS;trustServerCertificate=true;TransparentNetworkIPResolution=true;iPAddressPreference=IPv4First;serverNameAsACE=false;sendStringParametersAsUnicode=true;selectMethod=direct;responseBuffering=adaptive;queryTimeout=-1;packetSize=8000;multiSubnetFailover=false;loginTimeout=30;lockTimeout=-1;lastUpdateCount=true;useDefaultGSSCredential=false;prepareMethod=prepexec;encrypt=true;disableStatementPooling=true;databaseName=ADN_DB;columnEncryptionSetting=Disabled;applicationName=Microsoft JDBC Driver for SQL Server;applicationIntent=readwrite; (Microsoft SQL Server 16.0)
2025-07-03T01:46:26.114+07:00  INFO 20204 --- [ADN] [main] o.f.core.internal.command.DbValidate     : Successfully validated 17 migrations (execution time 00:00.053s)
2025-07-03T01:46:26.134+07:00  INFO 20204 --- [ADN] [main] o.f.core.internal.command.DbMigrate      : Current version of schema [dbo]: 26
2025-07-03T01:46:26.140+07:00  INFO 20204 --- [ADN] [main] o.f.core.internal.command.DbMigrate      : Schema [dbo] is up to date. No migration necessary.
2025-07-03T01:46:26.223+07:00  INFO 20204 --- [ADN] [main] o.hibernate.jpa.internal.util.LogHelper  : HHH000204: Processing PersistenceUnitInfo [name: default]
2025-07-03T01:46:26.263+07:00  INFO 20204 --- [ADN] [main] org.hibernate.Version                    : HHH000412: Hibernate ORM core version 6.6.15.Final
2025-07-03T01:46:26.285+07:00  INFO 20204 --- [ADN] [main] o.h.c.internal.RegionFactoryInitiator    : HHH000026: Second-level cache disabled
2025-07-03T01:46:26.473+07:00  INFO 20204 --- [ADN] [main] o.s.o.j.p.SpringPersistenceUnitInfo      : No LoadTimeWeaver setup: ignoring JPA class transformer
2025-07-03T01:46:26.508+07:00  WARN 20204 --- [ADN] [main] org.hibernate.orm.deprecation            : HHH90000025: SQLServer2012Dialect does not need to be specified explicitly using 'hibernate.dialect' (remove the property setting and it will be selected by default)
2025-07-03T01:46:26.510+07:00  WARN 20204 --- [ADN] [main] org.hibernate.orm.deprecation            : HHH90000026: SQLServer2012Dialect has been deprecated; use org.hibernate.dialect.SQLServerDialect instead
2025-07-03T01:46:26.529+07:00  INFO 20204 --- [ADN] [main] org.hibernate.orm.connections.pooling    : HHH10001005: Database info:
	Database JDBC URL [Connecting through datasource 'HikariDataSource (HikariPool-1)']
	Database driver: undefined/unknown
	Database version: 11.0
	Autocommit mode: undefined/unknown
	Isolation level: undefined/unknown
	Minimum pool size: undefined/unknown
	Maximum pool size: undefined/unknown
2025-07-03T01:46:27.297+07:00  INFO 20204 --- [ADN] [main] o.h.e.t.j.p.i.JtaPlatformInitiator       : HHH000489: No JTA platform available (set 'hibernate.transaction.jta.platform' to enable JTA platform integration)
2025-07-03T01:46:27.793+07:00  INFO 20204 --- [ADN] [main] j.LocalContainerEntityManagerFactoryBean : Initialized JPA EntityManagerFactory for persistence unit 'default'
2025-07-03T01:46:28.052+07:00  INFO 20204 --- [ADN] [main] o.s.d.j.r.query.QueryEnhancerFactory     : Hibernate is in classpath; If applicable, HQL parser will be used.
2025-07-03T01:46:28.975+07:00  WARN 20204 --- [ADN] [main] JpaBaseConfiguration$JpaWebConfiguration : spring.jpa.open-in-view is enabled by default. Therefore, database queries may be performed during view rendering. Explicitly configure spring.jpa.open-in-view to disable this warning
2025-07-03T01:46:28.995+07:00  WARN 20204 --- [ADN] [main] .s.s.UserDetailsServiceAutoConfiguration : 

Using generated security password: f6ac1716-3013-42f0-8e57-3f9fc86dc522

This generated password is for development use only. Your security configuration must be updated before running your application in production.

2025-07-03T01:46:28.999+07:00  INFO 20204 --- [ADN] [main] r$InitializeUserDetailsManagerConfigurer : Global AuthenticationManager configured with UserDetailsService bean with name inMemoryUserDetailsManager
2025-07-03T01:46:29.461+07:00  INFO 20204 --- [ADN] [main] o.s.b.w.embedded.tomcat.TomcatWebServer  : Tomcat started on port 8080 (http) with context path '/'
2025-07-03T01:46:29.472+07:00  INFO 20204 --- [ADN] [main] com.group2.ADN.AdnApplication            : Started AdnApplication in 5.773 seconds (process running for 6.381)
2025-07-03T01:46:29.475+07:00  INFO 20204 --- [ADN] [scheduling-1] c.g.A.controller.NotificationController  : 泄 B蘯ｯt ﾄ黛ｺｧu cleanup notification h蘯ｿt h蘯｡n...
2025-07-03T01:46:33.021+07:00  INFO 20204 --- [ADN] [http-nio-8080-exec-1] o.a.c.c.C.[Tomcat].[localhost].[/]       : Initializing Spring DispatcherServlet 'dispatcherServlet'
2025-07-03T01:46:33.021+07:00  INFO 20204 --- [ADN] [http-nio-8080-exec-1] o.s.web.servlet.DispatcherServlet        : Initializing Servlet 'dispatcherServlet'
2025-07-03T01:46:33.022+07:00  INFO 20204 --- [ADN] [http-nio-8080-exec-1] o.s.web.servlet.DispatcherServlet        : Completed initialization in 1 ms
2025-07-03T01:47:25.348+07:00  INFO 20204 --- [ADN] [http-nio-8080-exec-10] c.group2.ADN.controller.AuthController   : User ﾄ惰ハg kﾃｽ m盻嬖: email=screwparty@yopmail.com, fullName=aaaaa
2025-07-03T01:48:21.585+07:00  INFO 20204 --- [ADN] [http-nio-8080-exec-8] com.group2.ADN.service.TicketService     : ﾄ雪ｻ品 tr蘯｡ng thﾃ｡i ticket #952 t盻ｫ IN_PROGRESS sang IN_PROGRESS
2025-07-03T01:48:21.586+07:00  INFO 20204 --- [ADN] [http-nio-8080-exec-8] com.group2.ADN.service.TicketService     : ﾄ静｣ ﾄ黛ｻ品 tr蘯｡ng thﾃ｡i ticket #952 thﾃnh IN_PROGRESS thﾃnh cﾃｴng
2025-07-03T01:48:21.616+07:00  WARN 20204 --- [ADN] [http-nio-8080-exec-3] .w.s.m.s.DefaultHandlerExceptionResolver : Resolved [org.springframework.web.HttpRequestMethodNotSupportedException: Request method 'POST' is not supported]
2025-07-03T01:48:31.335+07:00  WARN 20204 --- [ADN] [http-nio-8080-exec-9] .w.s.m.s.DefaultHandlerExceptionResolver : Resolved [org.springframework.web.HttpRequestMethodNotSupportedException: Request method 'POST' is not supported]
2025-07-03T01:49:06.509+07:00  INFO 20204 --- [ADN] [SpringApplicationShutdownHook] o.s.b.w.e.tomcat.GracefulShutdown        : Commencing graceful shutdown. Waiting for active requests to complete
2025-07-03T01:49:06.520+07:00  INFO 20204 --- [ADN] [tomcat-shutdown] o.s.b.w.e.tomcat.GracefulShutdown        : Graceful shutdown complete
2025-07-03T01:49:06.526+07:00  INFO 20204 --- [ADN] [SpringApplicationShutdownHook] j.LocalContainerEntityManagerFactoryBean : Closing JPA EntityManagerFactory for persistence unit 'default'
2025-07-03T01:49:06.529+07:00  INFO 20204 --- [ADN] [SpringApplicationShutdownHook] com.zaxxer.hikari.HikariDataSource       : HikariPool-1 - Shutdown initiated...
2025-07-03T01:49:06.532+07:00  INFO 20204 --- [ADN] [SpringApplicationShutdownHook] com.zaxxer.hikari.HikariDataSource       : HikariPool-1 - Shutdown completed.
